<?xml version="1.0" encoding="UTF-8"?>
<!-- Generated by org.testng.reporters.JUnitReportReporter -->
<testsuite skipped="4" hostname="2016-20170509XS" name="com.icarbonx.kujing.testcase" tests="5" failures="0" timestamp="13 九月 2017 09:02:53 GMT" time="0.007" errors="0">
  <testcase name="test" time="0.007" classname="com.icarbonx.kujing.testcase"/>
  <testcase name="getNutritional" classname="com.icarbonx.kujing.testcase">
    <skipped/>
  </testcase> <!-- getNutritional -->
  <testcase name="getSearchResult" classname="com.icarbonx.kujing.testcase">
    <skipped/>
  </testcase> <!-- getSearchResult -->
  <testcase name="analysisExcel" classname="com.icarbonx.kujing.testcase">
    <skipped/>
  </testcase> <!-- analysisExcel -->
  <testcase name="analysisData" classname="com.icarbonx.kujing.testcase">
    <skipped/>
  </testcase> <!-- analysisData -->
</testsuite> <!-- com.icarbonx.kujing.testcase -->
