<?xml version="1.0" encoding="UTF-8"?>
<!-- Generated by org.testng.reporters.JUnitReportReporter -->
<testsuite skipped="4" hostname="2016-20170509XS" name="com.icarbonx.testcase.test" tests="20" failures="0" timestamp="08 九月 2017 08:47:39 GMT" time="211.320" errors="0">
  <testcase name="analysisExcel" time="12.000" classname="com.icarbonx.testcase.test"/>
  <testcase name="analysisExcel" time="16.290" classname="com.icarbonx.testcase.test"/>
  <testcase name="analysisExcel" time="12.957" classname="com.icarbonx.testcase.test"/>
  <testcase name="analysisExcel" time="12.209" classname="com.icarbonx.testcase.test"/>
  <testcase name="analysisExcel" time="14.051" classname="com.icarbonx.testcase.test"/>
  <testcase name="analysisExcel" time="15.700" classname="com.icarbonx.testcase.test"/>
  <testcase name="analysisExcel" time="14.385" classname="com.icarbonx.testcase.test"/>
  <testcase name="analysisExcel" time="12.433" classname="com.icarbonx.testcase.test"/>
  <testcase name="analysisExcel" time="12.046" classname="com.icarbonx.testcase.test"/>
  <testcase name="analysisExcel" time="12.240" classname="com.icarbonx.testcase.test"/>
  <testcase name="analysisExcel" time="14.235" classname="com.icarbonx.testcase.test"/>
  <testcase name="analysisExcel" time="12.480" classname="com.icarbonx.testcase.test"/>
  <testcase name="analysisExcel" time="12.103" classname="com.icarbonx.testcase.test"/>
  <testcase name="analysisExcel" time="12.514" classname="com.icarbonx.testcase.test"/>
  <testcase name="analysisExcel" time="13.415" classname="com.icarbonx.testcase.test"/>
  <testcase name="analysisExcel" time="12.262" classname="com.icarbonx.testcase.test"/>
  <testcase name="analysisData" classname="com.icarbonx.testcase.test">
    <skipped/>
  </testcase> <!-- analysisData -->
  <testcase name="getNutritional" classname="com.icarbonx.testcase.test">
    <skipped/>
  </testcase> <!-- getNutritional -->
  <testcase name="getSearchResult" classname="com.icarbonx.testcase.test">
    <skipped/>
  </testcase> <!-- getSearchResult -->
  <testcase name="longAnaly" classname="com.icarbonx.testcase.test">
    <skipped/>
  </testcase> <!-- longAnaly -->
</testsuite> <!-- com.icarbonx.testcase.test -->
