<?xml version="1.0" encoding="UTF-8"?>
<!-- Generated by org.testng.reporters.JUnitReportReporter -->
<testsuite skipped="4" hostname="2016-20170509XS" name="com.icarbonx.testcase.test" tests="5" failures="0" timestamp="08 九月 2017 05:35:30 GMT" time="0.008" errors="0">
  <testcase name="analysisData" time="0.008" classname="com.icarbonx.testcase.test"/>
  <testcase name="analysisExcel" classname="com.icarbonx.testcase.test">
    <skipped/>
  </testcase> <!-- analysisExcel -->
  <testcase name="getNutritional" classname="com.icarbonx.testcase.test">
    <skipped/>
  </testcase> <!-- getNutritional -->
  <testcase name="getSearchResult" classname="com.icarbonx.testcase.test">
    <skipped/>
  </testcase> <!-- getSearchResult -->
  <testcase name="longAnaly" classname="com.icarbonx.testcase.test">
    <skipped/>
  </testcase> <!-- longAnaly -->
</testsuite> <!-- com.icarbonx.testcase.test -->
