<?xml version="1.0" encoding="UTF-8"?>
<!-- Generated by org.testng.reporters.JUnitReportReporter -->
<testsuite skipped="1" hostname="2016-20170509XS" name="apitestcase.test" tests="18" failures="0" timestamp="13 七月 2017 05:47:08 GMT" time="238.829" errors="0">
  <testcase name="analysisExcel" time="16.506" classname="apitestcase.test"/>
  <testcase name="analysisExcel" time="12.534" classname="apitestcase.test"/>
  <testcase name="analysisExcel" time="12.499" classname="apitestcase.test"/>
  <testcase name="analysisExcel" time="13.188" classname="apitestcase.test"/>
  <testcase name="analysisExcel" time="15.734" classname="apitestcase.test"/>
  <testcase name="analysisExcel" time="15.966" classname="apitestcase.test"/>
  <testcase name="analysisExcel" time="12.171" classname="apitestcase.test"/>
  <testcase name="analysisExcel" time="12.674" classname="apitestcase.test"/>
  <testcase name="analysisExcel" time="14.526" classname="apitestcase.test"/>
  <testcase name="analysisExcel" time="12.025" classname="apitestcase.test"/>
  <testcase name="analysisExcel" time="16.202" classname="apitestcase.test"/>
  <testcase name="analysisExcel" time="12.525" classname="apitestcase.test"/>
  <testcase name="analysisExcel" time="12.218" classname="apitestcase.test"/>
  <testcase name="analysisExcel" time="15.531" classname="apitestcase.test"/>
  <testcase name="analysisExcel" time="12.490" classname="apitestcase.test"/>
  <testcase name="analysisExcel" time="16.159" classname="apitestcase.test"/>
  <testcase name="analysisExcel" time="15.881" classname="apitestcase.test"/>
  <testcase name="analysisData" classname="apitestcase.test">
    <skipped/>
  </testcase> <!-- analysisData -->
</testsuite> <!-- apitestcase.test -->
