<?xml version="1.0" encoding="UTF-8"?>
<!-- Generated by org.testng.reporters.JUnitReportReporter -->
<testsuite skipped="3" hostname="2016-20170509XS" name="com.icarbonx.testcase.test" tests="5" failures="0" timestamp="06 九月 2017 11:30:00 GMT" time="0.040" errors="0">
  <testcase name="getNutritional" time="0.039" classname="com.icarbonx.testcase.test"/>
  <testcase name="getSearchResult" time="0.001" classname="com.icarbonx.testcase.test"/>
  <testcase name="analysisData" classname="com.icarbonx.testcase.test">
    <skipped/>
  </testcase> <!-- analysisData -->
  <testcase name="analysisExcel" classname="com.icarbonx.testcase.test">
    <skipped/>
  </testcase> <!-- analysisExcel -->
  <testcase name="longAnaly" classname="com.icarbonx.testcase.test">
    <skipped/>
  </testcase> <!-- longAnaly -->
</testsuite> <!-- com.icarbonx.testcase.test -->
