<?xml version="1.0" encoding="UTF-8"?>
<!-- Generated by org.testng.reporters.JUnitReportReporter -->
<testsuite skipped="4" hostname="LAPTOP-IUO3EBTC" name="com.icarbonx.kujing.testcase" tests="5" failures="0" timestamp="06 Dec 2017 08:50:45 GMT" time="0.009" errors="0">
  <testcase name="test" time="0.009" classname="com.icarbonx.kujing.testcase"/>
  <testcase name="getNutritional" classname="com.icarbonx.kujing.testcase">
    <skipped/>
  </testcase> <!-- getNutritional -->
  <testcase name="getSearchResult" classname="com.icarbonx.kujing.testcase">
    <skipped/>
  </testcase> <!-- getSearchResult -->
  <testcase name="analysisExcel" classname="com.icarbonx.kujing.testcase">
    <skipped/>
  </testcase> <!-- analysisExcel -->
  <testcase name="analysisData" classname="com.icarbonx.kujing.testcase">
    <skipped/>
  </testcase> <!-- analysisData -->
</testsuite> <!-- com.icarbonx.kujing.testcase -->
